#
# There is insufficient memory for the Java Runtime Environment to continue.
# Native memory allocation (mmap) failed to map 32505856 bytes for Failed to commit area from 0x0000000089a00000 to 0x000000008b900000 of length 32505856.
# Possible reasons:
#   The system is out of physical RAM or swap space
#   The process is running with CompressedOops enabled, and the Java Heap may be blocking the growth of the native heap
# Possible solutions:
#   Reduce memory load on the system
#   Increase physical memory or swap space
#   Check if swap backing store is full
#   Decrease Java heap size (-Xmx/-Xms)
#   Decrease number of Java threads
#   Decrease Java thread stack sizes (-Xss)
#   Set larger code cache with -XX:ReservedCodeCacheSize=
#   JVM is running with Unscaled Compressed Oops mode in which the Java heap is
#     placed in the first 4GB address space. The Java Heap base address is the
#     maximum limit for the native heap growth. Please use -XX:HeapBaseMinAddress
#     to set the Java Heap base and to place the Java Heap above 4GB virtual address.
# This output file may be truncated or incomplete.
#
#  Out of Memory Error (./src/hotspot/os/windows/os_windows.cpp:3619), pid=10408, tid=7400
#
# JRE version: OpenJDK Runtime Environment (11.0.13) (build 11.0.13+0-b1751.21-8125866)
# Java VM: OpenJDK 64-Bit Server VM (11.0.13+0-b1751.21-8125866, mixed mode, tiered, compressed oops, g1 gc, windows-amd64)
# No core dump will be written. Minidumps are not enabled by default on client versions of Windows
#

---------------  S U M M A R Y ------------

Command Line: --add-opens=java.base/java.util=ALL-UNNAMED --add-opens=java.base/java.lang=ALL-UNNAMED --add-opens=java.base/java.lang.invoke=ALL-UNNAMED --add-opens=java.base/java.util=ALL-UNNAMED --add-opens=java.prefs/java.util.prefs=ALL-UNNAMED --add-opens=java.prefs/java.util.prefs=ALL-UNNAMED --add-opens=java.base/java.nio.charset=ALL-UNNAMED --add-opens=java.base/java.net=ALL-UNNAMED --add-opens=java.base/java.util.concurrent.atomic=ALL-UNNAMED -Xmx2048m -Dfile.encoding=UTF-8 -Duser.country=US -Duser.language=en -Duser.variant org.gradle.launcher.daemon.bootstrap.GradleDaemon 7.4

Host: Intel(R) Core(TM) i5-4310U CPU @ 2.00GHz, 4 cores, 7G,  Windows 10 , 64 bit Build 19041 (10.0.19041.2364)
Time: Sun May  7 16:17:24 2023 Egypt Standard Time elapsed time: 9.060664 seconds (0d 0h 0m 9s)

---------------  T H R E A D  ---------------

Current thread (0x00000160eb484800):  VMThread "VM Thread" [stack: 0x0000000aa6100000,0x0000000aa6200000] [id=7400]

Stack: [0x0000000aa6100000,0x0000000aa6200000]
[error occurred during error reporting (printing stack bounds), id 0xc0000005, EXCEPTION_ACCESS_VIOLATION (0xc0000005) at pc=0x00000160d4c3112d]

Native frames: (J=compiled Java code, j=interpreted, Vv=VM code, C=native code)
V  [jvm.dll+0x6100fa]
V  [jvm.dll+0x747090]
V  [jvm.dll+0x7486ad]
V  [jvm.dll+0x748ce5]
V  [jvm.dll+0x748c9b]
V  [jvm.dll+0x60f224]
V  [jvm.dll+0x60f9b8]
C  [ntdll.dll+0xa241f]
C  [ntdll.dll+0x514a4]
C  [ntdll.dll+0xa0f4e]
C  0x00000160d4c3112d

VM_Operation (0x0000000aa74effe0): G1CollectForAllocation, mode: safepoint, requested by thread 0x00000160ecdbd000


---------------  P R O C E S S  ---------------

Threads class SMR info:
_java_thread_list=0x00000160ef5f0eb0, length=37, elements={
0x00000160d110b800, 0x00000160eb48c000, 0x00000160eb48d800, 0x00000160ebe22800,
0x00000160eb4a7800, 0x00000160eb4ab000, 0x00000160eb4b2800, 0x00000160eb4b7800,
0x00000160eb4bb000, 0x00000160ebf76800, 0x00000160ede22800, 0x00000160ed7bf800,
0x00000160ef132000, 0x00000160ed373800, 0x00000160ed374800, 0x00000160ecdbc800,
0x00000160ecdbd000, 0x00000160ed24a800, 0x00000160ed24b800, 0x00000160eca3f000,
0x00000160ee00c800, 0x00000160ee00d800, 0x00000160ee00e800, 0x00000160ee29b800,
0x00000160ee010000, 0x00000160ee00f000, 0x00000160ee011000, 0x00000160ee011800,
0x00000160ee00c000, 0x00000160ee012800, 0x00000160ef571800, 0x00000160ef576000,
0x00000160ef571000, 0x00000160ef575000, 0x00000160ef576800, 0x00000160ef574000,
0x00000160ef57d000
}

Java Threads: ( => current thread )
  0x00000160d110b800 JavaThread "main" [_thread_blocked, id=9176, stack(0x0000000aa5b00000,0x0000000aa5c00000)]
  0x00000160eb48c000 JavaThread "Reference Handler" daemon [_thread_blocked, id=1596, stack(0x0000000aa6200000,0x0000000aa6300000)]
  0x00000160eb48d800 JavaThread "Finalizer" daemon [_thread_blocked, id=6348, stack(0x0000000aa6300000,0x0000000aa6400000)]
  0x00000160ebe22800 JavaThread "Signal Dispatcher" daemon [_thread_blocked, id=13300, stack(0x0000000aa6400000,0x0000000aa6500000)]
  0x00000160eb4a7800 JavaThread "Attach Listener" daemon [_thread_blocked, id=9532, stack(0x0000000aa6500000,0x0000000aa6600000)]
  0x00000160eb4ab000 JavaThread "Service Thread" daemon [_thread_blocked, id=12536, stack(0x0000000aa6600000,0x0000000aa6700000)]
  0x00000160eb4b2800 JavaThread "C2 CompilerThread0" daemon [_thread_blocked, id=9868, stack(0x0000000aa6700000,0x0000000aa6800000)]
  0x00000160eb4b7800 JavaThread "C1 CompilerThread0" daemon [_thread_blocked, id=9008, stack(0x0000000aa6800000,0x0000000aa6900000)]
  0x00000160eb4bb000 JavaThread "Sweeper thread" daemon [_thread_blocked, id=12352, stack(0x0000000aa6900000,0x0000000aa6a00000)]
  0x00000160ebf76800 JavaThread "Common-Cleaner" daemon [_thread_blocked, id=5284, stack(0x0000000aa6a00000,0x0000000aa6b00000)]
  0x00000160ede22800 JavaThread "Daemon health stats" [_thread_blocked, id=8428, stack(0x0000000aa6f00000,0x0000000aa7000000)]
  0x00000160ed7bf800 JavaThread "Incoming local TCP Connector on port 2373" [_thread_in_native, id=9588, stack(0x0000000aa6c00000,0x0000000aa6d00000)]
  0x00000160ef132000 JavaThread "Daemon periodic checks" [_thread_blocked, id=6004, stack(0x0000000aa7000000,0x0000000aa7100000)]
  0x00000160ed373800 JavaThread "Daemon" [_thread_blocked, id=11168, stack(0x0000000aa7100000,0x0000000aa7200000)]
  0x00000160ed374800 JavaThread "Handler for socket connection from /127.0.0.1:2373 to /127.0.0.1:2374" [_thread_in_native, id=13296, stack(0x0000000aa7200000,0x0000000aa7300000)]
  0x00000160ecdbc800 JavaThread "Cancel handler" [_thread_blocked, id=1180, stack(0x0000000aa7300000,0x0000000aa7400000)]
  0x00000160ecdbd000 JavaThread "Daemon worker" [_thread_blocked, id=2608, stack(0x0000000aa7400000,0x0000000aa7500000)]
  0x00000160ed24a800 JavaThread "Asynchronous log dispatcher for DefaultDaemonConnection: socket connection from /127.0.0.1:2373 to /127.0.0.1:2374" [_thread_blocked, id=7248, stack(0x0000000aa7500000,0x0000000aa7600000)]
  0x00000160ed24b800 JavaThread "Stdin handler" [_thread_blocked, id=7344, stack(0x0000000aa7600000,0x0000000aa7700000)]
  0x00000160eca3f000 JavaThread "Daemon client event forwarder" [_thread_blocked, id=4692, stack(0x0000000aa7700000,0x0000000aa7800000)]
  0x00000160ee00c800 JavaThread "Cache worker for journal cache (D:\caches\journal-1)" [_thread_blocked, id=12260, stack(0x0000000aa7900000,0x0000000aa7a00000)]
  0x00000160ee00d800 JavaThread "File lock request listener" [_thread_in_native, id=4544, stack(0x0000000aa7a00000,0x0000000aa7b00000)]
  0x00000160ee00e800 JavaThread "Cache worker for file hash cache (D:\caches\7.4\fileHashes)" [_thread_blocked, id=11468, stack(0x0000000aa7b00000,0x0000000aa7c00000)]
  0x00000160ee29b800 JavaThread "C2 CompilerThread1" daemon [_thread_blocked, id=2480, stack(0x0000000aa7c00000,0x0000000aa7d00000)]
  0x00000160ee010000 JavaThread "File watcher server" daemon [_thread_in_native, id=7740, stack(0x0000000aa7d00000,0x0000000aa7e00000)]
  0x00000160ee00f000 JavaThread "File watcher consumer" daemon [_thread_blocked, id=9528, stack(0x0000000aa7e00000,0x0000000aa7f00000)]
  0x00000160ee011000 JavaThread "jar transforms" [_thread_blocked, id=8760, stack(0x0000000aa7f00000,0x0000000aa8000000)]
  0x00000160ee011800 JavaThread "jar transforms Thread 2" [_thread_blocked, id=10704, stack(0x0000000aa8000000,0x0000000aa8100000)]
  0x00000160ee00c000 JavaThread "jar transforms Thread 3" [_thread_blocked, id=3180, stack(0x0000000aa8100000,0x0000000aa8200000)]
  0x00000160ee012800 JavaThread "jar transforms Thread 4" [_thread_blocked, id=10464, stack(0x0000000aa8200000,0x0000000aa8300000)]
  0x00000160ef571800 JavaThread "Cache worker for checksums cache (C:\Users\Sammy\AndroidStudioProjects\HayahPharma\.gradle\7.4\checksums)" [_thread_blocked, id=6120, stack(0x0000000aa8300000,0x0000000aa8400000)]
  0x00000160ef576000 JavaThread "Cache worker for cache directory md-rule (D:\caches\7.4\md-rule)" [_thread_blocked, id=7484, stack(0x0000000aa8400000,0x0000000aa8500000)]
  0x00000160ef571000 JavaThread "Cache worker for file hash cache (C:\Users\Sammy\AndroidStudioProjects\HayahPharma\.gradle\7.4\fileHashes)" [_thread_blocked, id=6000, stack(0x0000000aa8500000,0x0000000aa8600000)]
  0x00000160ef575000 JavaThread "Cache worker for cache directory md-supplier (D:\caches\7.4\md-supplier)" [_thread_blocked, id=412, stack(0x0000000aa8600000,0x0000000aa8700000)]
  0x00000160ef576800 JavaThread "Cache worker for execution history cache (D:\caches\7.4\executionHistory)" [_thread_blocked, id=1548, stack(0x0000000aa8700000,0x0000000aa8800000)]
  0x00000160ef574000 JavaThread "Cache worker for file content cache (D:\caches\7.4\fileContent)" [_thread_blocked, id=12524, stack(0x0000000aa8800000,0x0000000aa8900000)]
  0x00000160ef57d000 JavaThread "Cache worker for dependencies-accessors (C:\Users\Sammy\AndroidStudioProjects\HayahPharma\.gradle\7.4\dependencies-accessors)" [_thread_blocked, id=12388, stack(0x0000000aa8900000,0x0000000aa8a00000)]

Other Threads:
=>0x00000160eb484800 VMThread "VM Thread" [stack: 0x0000000aa6100000,0x0000000aa6200000] [id=7400]
  0x00000160ebf92800 WatcherThread [stack: 0x0000000aa6b00000,0x0000000aa6c00000] [id=2640]
  0x00000160d1124000 GCTaskThread "GC Thread#0" [stack: 0x0000000aa5c00000,0x0000000aa5d00000] [id=10296]
  0x00000160eca1c800 GCTaskThread "GC Thread#1" [stack: 0x0000000aa6d00000,0x0000000aa6e00000] [id=11912]
  0x00000160ec3b4800 GCTaskThread "GC Thread#2" [stack: 0x0000000aa6e00000,0x0000000aa6f00000] [id=8868]
  0x00000160ec350000 GCTaskThread "GC Thread#3" [stack: 0x0000000aa7800000,0x0000000aa7900000] [id=7176]
  0x00000160d1155800 ConcurrentGCThread "G1 Main Marker" [stack: 0x0000000aa5d00000,0x0000000aa5e00000] [id=7424]
  0x00000160d1157000 ConcurrentGCThread "G1 Conc#0" [stack: 0x0000000aa5e00000,0x0000000aa5f00000] [id=10956]
  0x00000160d11e3800 ConcurrentGCThread "G1 Refine#0" [stack: 0x0000000aa5f00000,0x0000000aa6000000] [id=11796]
  0x00000160d11e4800 ConcurrentGCThread "G1 Young RemSet Sampling" [stack: 0x0000000aa6000000,0x0000000aa6100000] [id=10520]

Threads with active compile tasks:
C1 CompilerThread0   9071 4362       3       org.gradle.internal.time.MonotonicClock::getCurrentTime (70 bytes)

VM state:at safepoint (normal execution)

VM Mutex/Monitor currently owned by a thread:  ([mutex/lock_event])
[0x00000160d1106bf0] Threads_lock - owner thread: 0x00000160eb484800
[0x00000160d11062f0] Heap_lock - owner thread: 0x00000160ecdbd000

Heap address: 0x0000000080000000, size: 2048 MB, Compressed Oops mode: 32-bit
Narrow klass base: 0x0000000000000000, Narrow klass shift: 3
Compressed class space size: 1073741824 Address: 0x0000000100000000

Heap:
 garbage-first heap   total 189440K, used 73362K [0x0000000080000000, 0x0000000100000000)
  region size 1024K, 1 young (1024K), 1 survivors (1024K)
 Metaspace       used 47769K, capacity 49156K, committed 49480K, reserved 1091584K
  class space    used 6034K, capacity 6532K, committed 6656K, reserved 1048576K
Heap Regions: E=young(eden), S=young(survivor), O=old, HS=humongous(starts), HC=humongous(continues), CS=collection set, F=free, A=archive, TAMS=top-at-mark-start (previous, next)
|   0|0x0000000080000000, 0x0000000080100000, 0x0000000080100000|100%| O|  |TAMS 0x0000000080100000, 0x0000000080100000| Untracked 
|   1|0x0000000080100000, 0x0000000080200000, 0x0000000080200000|100%| O|  |TAMS 0x0000000080200000, 0x0000000080200000| Untracked 
|   2|0x0000000080200000, 0x0000000080300000, 0x0000000080300000|100%| O|  |TAMS 0x0000000080300000, 0x0000000080300000| Untracked 
|   3|0x0000000080300000, 0x0000000080400000, 0x0000000080400000|100%|HS|  |TAMS 0x0000000080400000, 0x0000000080400000| Complete 
|   4|0x0000000080400000, 0x0000000080500000, 0x0000000080500000|100%|HC|  |TAMS 0x0000000080500000, 0x0000000080500000| Complete 
|   5|0x0000000080500000, 0x0000000080600000, 0x0000000080600000|100%|HC|  |TAMS 0x0000000080600000, 0x0000000080600000| Complete 
|   6|0x0000000080600000, 0x0000000080700000, 0x0000000080700000|100%| O|  |TAMS 0x0000000080700000, 0x0000000080700000| Untracked 
|   7|0x0000000080700000, 0x0000000080800000, 0x0000000080800000|100%| O|  |TAMS 0x0000000080800000, 0x0000000080800000| Untracked 
|   8|0x0000000080800000, 0x0000000080900000, 0x0000000080900000|100%| O|  |TAMS 0x0000000080900000, 0x0000000080900000| Untracked 
|   9|0x0000000080900000, 0x0000000080a00000, 0x0000000080a00000|100%| O|  |TAMS 0x0000000080a00000, 0x0000000080a00000| Untracked 
|  10|0x0000000080a00000, 0x0000000080b00000, 0x0000000080b00000|100%| O|  |TAMS 0x0000000080b00000, 0x0000000080b00000| Untracked 
|  11|0x0000000080b00000, 0x0000000080c00000, 0x0000000080c00000|100%| O|  |TAMS 0x0000000080c00000, 0x0000000080c00000| Untracked 
|  12|0x0000000080c00000, 0x0000000080d00000, 0x0000000080d00000|100%| O|  |TAMS 0x0000000080d00000, 0x0000000080d00000| Untracked 
|  13|0x0000000080d00000, 0x0000000080e00000, 0x0000000080e00000|100%| O|  |TAMS 0x0000000080e00000, 0x0000000080e00000| Untracked 
|  14|0x0000000080e00000, 0x0000000080f00000, 0x0000000080f00000|100%| O|  |TAMS 0x0000000080f00000, 0x0000000080f00000| Untracked 
|  15|0x0000000080f00000, 0x0000000081000000, 0x0000000081000000|100%| O|  |TAMS 0x0000000081000000, 0x0000000081000000| Untracked 
|  16|0x0000000081000000, 0x0000000081100000, 0x0000000081100000|100%|HS|  |TAMS 0x0000000081100000, 0x0000000081100000| Complete 
|  17|0x0000000081100000, 0x0000000081200000, 0x0000000081200000|100%|HC|  |TAMS 0x0000000081200000, 0x0000000081200000| Complete 
|  18|0x0000000081200000, 0x0000000081300000, 0x0000000081300000|100%|HS|  |TAMS 0x0000000081300000, 0x0000000081300000| Complete 
|  19|0x0000000081300000, 0x0000000081400000, 0x0000000081400000|100%|HC|  |TAMS 0x0000000081400000, 0x0000000081400000| Complete 
|  20|0x0000000081400000, 0x0000000081500000, 0x0000000081500000|100%|HC|  |TAMS 0x0000000081500000, 0x0000000081500000| Complete 
|  21|0x0000000081500000, 0x0000000081600000, 0x0000000081600000|100%|HS|  |TAMS 0x0000000081600000, 0x0000000081600000| Complete 
|  22|0x0000000081600000, 0x0000000081700000, 0x0000000081700000|100%|HC|  |TAMS 0x0000000081700000, 0x0000000081700000| Complete 
|  23|0x0000000081700000, 0x0000000081800000, 0x0000000081800000|100%|HC|  |TAMS 0x0000000081800000, 0x0000000081800000| Complete 
|  24|0x0000000081800000, 0x0000000081900000, 0x0000000081900000|100%|HS|  |TAMS 0x0000000081900000, 0x0000000081900000| Complete 
|  25|0x0000000081900000, 0x0000000081a00000, 0x0000000081a00000|100%|HC|  |TAMS 0x0000000081a00000, 0x0000000081a00000| Complete 
|  26|0x0000000081a00000, 0x0000000081b00000, 0x0000000081b00000|100%|HC|  |TAMS 0x0000000081b00000, 0x0000000081b00000| Complete 
|  27|0x0000000081b00000, 0x0000000081c00000, 0x0000000081c00000|100%|HC|  |TAMS 0x0000000081c00000, 0x0000000081c00000| Complete 
|  28|0x0000000081c00000, 0x0000000081d00000, 0x0000000081d00000|100%|HS|  |TAMS 0x0000000081d00000, 0x0000000081d00000| Complete 
|  29|0x0000000081d00000, 0x0000000081e00000, 0x0000000081e00000|100%|HC|  |TAMS 0x0000000081e00000, 0x0000000081e00000| Complete 
|  30|0x0000000081e00000, 0x0000000081f00000, 0x0000000081f00000|100%|HC|  |TAMS 0x0000000081f00000, 0x0000000081f00000| Complete 
|  31|0x0000000081f00000, 0x0000000082000000, 0x0000000082000000|100%|HC|  |TAMS 0x0000000082000000, 0x0000000082000000| Complete 
|  32|0x0000000082000000, 0x0000000082100000, 0x0000000082100000|100%|HC|  |TAMS 0x0000000082100000, 0x0000000082100000| Complete 
|  33|0x0000000082100000, 0x0000000082200000, 0x0000000082200000|100%|HS|  |TAMS 0x0000000082200000, 0x0000000082200000| Complete 
|  34|0x0000000082200000, 0x0000000082300000, 0x0000000082300000|100%| O|  |TAMS 0x0000000082300000, 0x0000000082300000| Untracked 
|  35|0x0000000082300000, 0x0000000082400000, 0x0000000082400000|100%| O|  |TAMS 0x0000000082400000, 0x0000000082400000| Untracked 
|  36|0x0000000082400000, 0x0000000082500000, 0x0000000082500000|100%| O|  |TAMS 0x0000000082500000, 0x0000000082500000| Untracked 
|  37|0x0000000082500000, 0x0000000082600000, 0x0000000082600000|100%| O|  |TAMS 0x0000000082600000, 0x0000000082600000| Untracked 
|  38|0x0000000082600000, 0x0000000082700000, 0x0000000082700000|100%| O|  |TAMS 0x0000000082700000, 0x0000000082700000| Untracked 
|  39|0x0000000082700000, 0x0000000082800000, 0x0000000082800000|100%| O|  |TAMS 0x0000000082800000, 0x0000000082800000| Untracked 
|  40|0x0000000082800000, 0x0000000082900000, 0x0000000082900000|100%| O|  |TAMS 0x0000000082900000, 0x0000000082900000| Untracked 
|  41|0x0000000082900000, 0x0000000082a00000, 0x0000000082a00000|100%| O|  |TAMS 0x0000000082a00000, 0x0000000082a00000| Untracked 
|  42|0x0000000082a00000, 0x0000000082b00000, 0x0000000082b00000|100%| O|  |TAMS 0x0000000082b00000, 0x0000000082b00000| Untracked 
|  43|0x0000000082b00000, 0x0000000082c00000, 0x0000000082c00000|100%| O|  |TAMS 0x0000000082b18c00, 0x0000000082c00000| Untracked 
|  44|0x0000000082c00000, 0x0000000082d00000, 0x0000000082d00000|100%|HS|  |TAMS 0x0000000082c00000, 0x0000000082d00000| Complete 
|  45|0x0000000082d00000, 0x0000000082e00000, 0x0000000082e00000|100%|HC|  |TAMS 0x0000000082d00000, 0x0000000082e00000| Complete 
|  46|0x0000000082e00000, 0x0000000082f00000, 0x0000000082f00000|100%|HC|  |TAMS 0x0000000082e00000, 0x0000000082f00000| Complete 
|  47|0x0000000082f00000, 0x0000000083000000, 0x0000000083000000|100%|HS|  |TAMS 0x0000000082f00000, 0x0000000083000000| Complete 
|  48|0x0000000083000000, 0x0000000083100000, 0x0000000083100000|100%|HC|  |TAMS 0x0000000083000000, 0x0000000083100000| Complete 
|  49|0x0000000083100000, 0x0000000083200000, 0x0000000083200000|100%|HS|  |TAMS 0x0000000083100000, 0x0000000083200000| Complete 
|  50|0x0000000083200000, 0x0000000083300000, 0x0000000083300000|100%|HC|  |TAMS 0x0000000083200000, 0x0000000083300000| Complete 
|  51|0x0000000083300000, 0x0000000083400000, 0x0000000083400000|100%|HC|  |TAMS 0x0000000083300000, 0x0000000083400000| Complete 
|  52|0x0000000083400000, 0x0000000083500000, 0x0000000083500000|100%|HS|  |TAMS 0x0000000083400000, 0x0000000083500000| Complete 
|  53|0x0000000083500000, 0x0000000083600000, 0x0000000083600000|100%|HC|  |TAMS 0x0000000083500000, 0x0000000083600000| Complete 
|  54|0x0000000083600000, 0x0000000083700000, 0x0000000083700000|100%|HC|  |TAMS 0x0000000083600000, 0x0000000083700000| Complete 
|  55|0x0000000083700000, 0x0000000083800000, 0x0000000083800000|100%|HC|  |TAMS 0x0000000083700000, 0x0000000083800000| Complete 
|  56|0x0000000083800000, 0x0000000083900000, 0x0000000083900000|100%| O|  |TAMS 0x0000000083800000, 0x0000000083900000| Untracked 
|  57|0x0000000083900000, 0x0000000083a00000, 0x0000000083a00000|100%| O|  |TAMS 0x0000000083900000, 0x0000000083a00000| Untracked 
|  58|0x0000000083a00000, 0x0000000083b00000, 0x0000000083b00000|100%| O|  |TAMS 0x0000000083a00000, 0x0000000083b00000| Untracked 
|  59|0x0000000083b00000, 0x0000000083c00000, 0x0000000083c00000|100%| O|  |TAMS 0x0000000083b00000, 0x0000000083c00000| Untracked 
|  60|0x0000000083c00000, 0x0000000083d00000, 0x0000000083d00000|100%| O|  |TAMS 0x0000000083c00000, 0x0000000083d00000| Untracked 
|  61|0x0000000083d00000, 0x0000000083e00000, 0x0000000083e00000|100%| O|  |TAMS 0x0000000083d00000, 0x0000000083e00000| Untracked 
|  62|0x0000000083e00000, 0x0000000083f00000, 0x0000000083f00000|100%| O|  |TAMS 0x0000000083e00000, 0x0000000083f00000| Untracked 
|  63|0x0000000083f00000, 0x0000000084000000, 0x0000000084000000|100%| O|  |TAMS 0x0000000083f00000, 0x0000000084000000| Untracked 
|  64|0x0000000084000000, 0x0000000084100000, 0x0000000084100000|100%| O|  |TAMS 0x0000000084000000, 0x0000000084100000| Untracked 
|  65|0x0000000084100000, 0x0000000084200000, 0x0000000084200000|100%| O|  |TAMS 0x0000000084100000, 0x0000000084200000| Untracked 
|  66|0x0000000084200000, 0x0000000084300000, 0x0000000084300000|100%| O|  |TAMS 0x0000000084200000, 0x0000000084300000| Untracked 
|  67|0x0000000084300000, 0x0000000084400000, 0x0000000084400000|100%| O|  |TAMS 0x0000000084300000, 0x0000000084400000| Untracked 
|  68|0x0000000084400000, 0x0000000084500000, 0x0000000084500000|100%| O|  |TAMS 0x0000000084400000, 0x0000000084500000| Untracked 
|  69|0x0000000084500000, 0x0000000084600000, 0x0000000084600000|100%| O|  |TAMS 0x0000000084500000, 0x0000000084600000| Untracked 
|  70|0x0000000084600000, 0x0000000084700000, 0x0000000084700000|100%| O|  |TAMS 0x0000000084600000, 0x0000000084700000| Untracked 
|  71|0x0000000084700000, 0x0000000084700000, 0x0000000084800000|  0%| F|  |TAMS 0x0000000084700000, 0x0000000084700000| Untracked 
|  72|0x0000000084800000, 0x0000000084800000, 0x0000000084900000|  0%| F|  |TAMS 0x0000000084800000, 0x0000000084800000| Untracked 
|  73|0x0000000084900000, 0x0000000084900000, 0x0000000084a00000|  0%| F|  |TAMS 0x0000000084900000, 0x0000000084900000| Untracked 
|  74|0x0000000084a00000, 0x0000000084a00000, 0x0000000084b00000|  0%| F|  |TAMS 0x0000000084a00000, 0x0000000084a00000| Untracked 
|  75|0x0000000084b00000, 0x0000000084b00000, 0x0000000084c00000|  0%| F|  |TAMS 0x0000000084b00000, 0x0000000084b00000| Untracked 
|  76|0x0000000084c00000, 0x0000000084c00000, 0x0000000084d00000|  0%| F|  |TAMS 0x0000000084c00000, 0x0000000084c00000| Untracked 
|  77|0x0000000084d00000, 0x0000000084d00000, 0x0000000084e00000|  0%| F|  |TAMS 0x0000000084d00000, 0x0000000084d00000| Untracked 
|  78|0x0000000084e00000, 0x0000000084e00000, 0x0000000084f00000|  0%| F|  |TAMS 0x0000000084e00000, 0x0000000084e00000| Untracked 
|  79|0x0000000084f00000, 0x0000000084f00000, 0x0000000085000000|  0%| F|  |TAMS 0x0000000084f00000, 0x0000000084f00000| Untracked 
|  80|0x0000000085000000, 0x0000000085000000, 0x0000000085100000|  0%| F|  |TAMS 0x0000000085000000, 0x0000000085000000| Untracked 
|  81|0x0000000085100000, 0x0000000085100000, 0x0000000085200000|  0%| F|  |TAMS 0x0000000085100000, 0x0000000085100000| Untracked 
|  82|0x0000000085200000, 0x0000000085200000, 0x0000000085300000|  0%| F|  |TAMS 0x0000000085200000, 0x0000000085200000| Untracked 
|  83|0x0000000085300000, 0x0000000085300000, 0x0000000085400000|  0%| F|  |TAMS 0x0000000085300000, 0x0000000085300000| Untracked 
|  84|0x0000000085400000, 0x0000000085400000, 0x0000000085500000|  0%| F|  |TAMS 0x0000000085400000, 0x0000000085400000| Untracked 
|  85|0x0000000085500000, 0x0000000085500000, 0x0000000085600000|  0%| F|  |TAMS 0x0000000085500000, 0x0000000085500000| Untracked 
|  86|0x0000000085600000, 0x0000000085600000, 0x0000000085700000|  0%| F|  |TAMS 0x0000000085600000, 0x0000000085600000| Untracked 
|  87|0x0000000085700000, 0x0000000085700000, 0x0000000085800000|  0%| F|  |TAMS 0x0000000085700000, 0x0000000085700000| Untracked 
|  88|0x0000000085800000, 0x0000000085800000, 0x0000000085900000|  0%| F|  |TAMS 0x0000000085800000, 0x0000000085800000| Untracked 
|  89|0x0000000085900000, 0x0000000085900000, 0x0000000085a00000|  0%| F|  |TAMS 0x0000000085900000, 0x0000000085900000| Untracked 
|  90|0x0000000085a00000, 0x0000000085a00000, 0x0000000085b00000|  0%| F|  |TAMS 0x0000000085a00000, 0x0000000085a00000| Untracked 
|  91|0x0000000085b00000, 0x0000000085b00000, 0x0000000085c00000|  0%| F|  |TAMS 0x0000000085b00000, 0x0000000085b00000| Untracked 
|  92|0x0000000085c00000, 0x0000000085c00000, 0x0000000085d00000|  0%| F|  |TAMS 0x0000000085c00000, 0x0000000085c00000| Untracked 
|  93|0x0000000085d00000, 0x0000000085d00000, 0x0000000085e00000|  0%| F|  |TAMS 0x0000000085d00000, 0x0000000085d00000| Untracked 
|  94|0x0000000085e00000, 0x0000000085e00000, 0x0000000085f00000|  0%| F|  |TAMS 0x0000000085e00000, 0x0000000085e00000| Untracked 
|  95|0x0000000085f00000, 0x0000000085f00000, 0x0000000086000000|  0%| F|  |TAMS 0x0000000085f00000, 0x0000000085f00000| Untracked 
|  96|0x0000000086000000, 0x0000000086000000, 0x0000000086100000|  0%| F|  |TAMS 0x0000000086000000, 0x0000000086000000| Untracked 
|  97|0x0000000086100000, 0x0000000086100000, 0x0000000086200000|  0%| F|  |TAMS 0x0000000086100000, 0x0000000086100000| Untracked 
|  98|0x0000000086200000, 0x0000000086200000, 0x0000000086300000|  0%| F|  |TAMS 0x0000000086200000, 0x0000000086200000| Untracked 
|  99|0x0000000086300000, 0x0000000086300000, 0x0000000086400000|  0%| F|  |TAMS 0x0000000086300000, 0x0000000086300000| Untracked 
| 100|0x0000000086400000, 0x0000000086400000, 0x0000000086500000|  0%| F|  |TAMS 0x0000000086400000, 0x0000000086400000| Untracked 
| 101|0x0000000086500000, 0x0000000086500000, 0x0000000086600000|  0%| F|  |TAMS 0x0000000086500000, 0x0000000086500000| Untracked 
| 102|0x0000000086600000, 0x0000000086600000, 0x0000000086700000|  0%| F|  |TAMS 0x0000000086600000, 0x0000000086600000| Untracked 
| 103|0x0000000086700000, 0x0000000086700000, 0x0000000086800000|  0%| F|  |TAMS 0x0000000086700000, 0x0000000086700000| Untracked 
| 104|0x0000000086800000, 0x0000000086800000, 0x0000000086900000|  0%| F|  |TAMS 0x0000000086800000, 0x0000000086800000| Untracked 
| 105|0x0000000086900000, 0x0000000086900000, 0x0000000086a00000|  0%| F|  |TAMS 0x0000000086900000, 0x0000000086900000| Untracked 
| 106|0x0000000086a00000, 0x0000000086a00000, 0x0000000086b00000|  0%| F|  |TAMS 0x0000000086a00000, 0x0000000086a00000| Untracked 
| 107|0x0000000086b00000, 0x0000000086b00000, 0x0000000086c00000|  0%| F|  |TAMS 0x0000000086b00000, 0x0000000086b00000| Untracked 
| 108|0x0000000086c00000, 0x0000000086c00000, 0x0000000086d00000|  0%| F|  |TAMS 0x0000000086c00000, 0x0000000086c00000| Untracked 
| 109|0x0000000086d00000, 0x0000000086d00000, 0x0000000086e00000|  0%| F|  |TAMS 0x0000000086d00000, 0x0000000086d00000| Untracked 
| 110|0x0000000086e00000, 0x0000000086e00000, 0x0000000086f00000|  0%| F|  |TAMS 0x0000000086e00000, 0x0000000086e00000| Untracked 
| 111|0x0000000086f00000, 0x0000000086f00000, 0x0000000087000000|  0%| F|  |TAMS 0x0000000086f00000, 0x0000000086f00000| Untracked 
| 112|0x0000000087000000, 0x0000000087000000, 0x0000000087100000|  0%| F|  |TAMS 0x0000000087000000, 0x0000000087000000| Untracked 
| 113|0x0000000087100000, 0x0000000087100000, 0x0000000087200000|  0%| F|  |TAMS 0x0000000087100000, 0x0000000087100000| Untracked 
| 114|0x0000000087200000, 0x0000000087200000, 0x0000000087300000|  0%| F|  |TAMS 0x0000000087200000, 0x0000000087200000| Untracked 
| 115|0x0000000087300000, 0x0000000087300000, 0x0000000087400000|  0%| F|  |TAMS 0x0000000087300000, 0x0000000087300000| Untracked 
| 116|0x0000000087400000, 0x0000000087400000, 0x0000000087500000|  0%| F|  |TAMS 0x0000000087400000, 0x0000000087400000| Untracked 
| 117|0x0000000087500000, 0x0000000087500000, 0x0000000087600000|  0%| F|  |TAMS 0x0000000087500000, 0x0000000087500000| Untracked 
| 118|0x0000000087600000, 0x0000000087600000, 0x0000000087700000|  0%| F|  |TAMS 0x0000000087600000, 0x0000000087600000| Untracked 
| 119|0x0000000087700000, 0x0000000087700000, 0x0000000087800000|  0%| F|  |TAMS 0x0000000087700000, 0x0000000087700000| Untracked 
| 120|0x0000000087800000, 0x0000000087800000, 0x0000000087900000|  0%| F|  |TAMS 0x0000000087800000, 0x0000000087800000| Untracked 
| 121|0x0000000087900000, 0x0000000087900000, 0x0000000087a00000|  0%| F|  |TAMS 0x0000000087900000, 0x0000000087900000| Untracked 
| 122|0x0000000087a00000, 0x0000000087a00000, 0x0000000087b00000|  0%| F|  |TAMS 0x0000000087a00000, 0x0000000087a00000| Untracked 
| 123|0x0000000087b00000, 0x0000000087b00000, 0x0000000087c00000|  0%| F|  |TAMS 0x0000000087b00000, 0x0000000087b00000| Untracked 
| 124|0x0000000087c00000, 0x0000000087c00000, 0x0000000087d00000|  0%| F|  |TAMS 0x0000000087c00000, 0x0000000087c00000| Untracked 
| 125|0x0000000087d00000, 0x0000000087d00000, 0x0000000087e00000|  0%| F|  |TAMS 0x0000000087d00000, 0x0000000087d00000| Untracked 
| 126|0x0000000087e00000, 0x0000000087e00000, 0x0000000087f00000|  0%| F|  |TAMS 0x0000000087e00000, 0x0000000087e00000| Untracked 
| 127|0x0000000087f00000, 0x0000000087f00000, 0x0000000088000000|  0%| F|  |TAMS 0x0000000087f00000, 0x0000000087f00000| Untracked 
| 128|0x0000000088000000, 0x0000000088000000, 0x0000000088100000|  0%| F|  |TAMS 0x0000000088000000, 0x0000000088000000| Untracked 
| 129|0x0000000088100000, 0x0000000088100000, 0x0000000088200000|  0%| F|  |TAMS 0x0000000088100000, 0x0000000088100000| Untracked 
| 130|0x0000000088200000, 0x0000000088200000, 0x0000000088300000|  0%| F|  |TAMS 0x0000000088200000, 0x0000000088200000| Untracked 
| 131|0x0000000088300000, 0x0000000088300000, 0x0000000088400000|  0%| F|  |TAMS 0x0000000088300000, 0x0000000088300000| Untracked 
| 132|0x0000000088400000, 0x0000000088400000, 0x0000000088500000|  0%| F|  |TAMS 0x0000000088400000, 0x0000000088400000| Untracked 
| 133|0x0000000088500000, 0x0000000088500000, 0x0000000088600000|  0%| F|  |TAMS 0x0000000088500000, 0x0000000088500000| Untracked 
| 134|0x0000000088600000, 0x0000000088600000, 0x0000000088700000|  0%| F|  |TAMS 0x0000000088600000, 0x0000000088600000| Untracked 
| 135|0x0000000088700000, 0x0000000088700000, 0x0000000088800000|  0%| F|  |TAMS 0x0000000088700000, 0x0000000088700000| Untracked 
| 136|0x0000000088800000, 0x0000000088800000, 0x0000000088900000|  0%| F|  |TAMS 0x0000000088800000, 0x0000000088800000| Untracked 
| 137|0x0000000088900000, 0x0000000088900000, 0x0000000088a00000|  0%| F|  |TAMS 0x0000000088900000, 0x0000000088900000| Untracked 
| 138|0x0000000088a00000, 0x0000000088a00000, 0x0000000088b00000|  0%| F|  |TAMS 0x0000000088a00000, 0x0000000088a00000| Untracked 
| 139|0x0000000088b00000, 0x0000000088b00000, 0x0000000088c00000|  0%| F|  |TAMS 0x0000000088b00000, 0x0000000088b00000| Untracked 
| 140|0x0000000088c00000, 0x0000000088c00000, 0x0000000088d00000|  0%| F|  |TAMS 0x0000000088c00000, 0x0000000088c00000| Untracked 
| 141|0x0000000088d00000, 0x0000000088d00000, 0x0000000088e00000|  0%| F|  |TAMS 0x0000000088d00000, 0x0000000088d00000| Untracked 
| 142|0x0000000088e00000, 0x0000000088e00000, 0x0000000088f00000|  0%| F|  |TAMS 0x0000000088e00000, 0x0000000088e00000| Untracked 
| 143|0x0000000088f00000, 0x0000000088f00000, 0x0000000089000000|  0%| F|  |TAMS 0x0000000088f00000, 0x0000000088f00000| Untracked 
| 144|0x0000000089000000, 0x0000000089000000, 0x0000000089100000|  0%| F|  |TAMS 0x0000000089000000, 0x0000000089000000| Untracked 
| 145|0x0000000089100000, 0x0000000089100000, 0x0000000089200000|  0%| F|  |TAMS 0x0000000089100000, 0x0000000089100000| Untracked 
| 146|0x0000000089200000, 0x0000000089200000, 0x0000000089300000|  0%| F|  |TAMS 0x0000000089200000, 0x0000000089200000| Untracked 
| 147|0x0000000089300000, 0x0000000089300000, 0x0000000089400000|  0%| F|  |TAMS 0x0000000089300000, 0x0000000089300000| Untracked 
| 148|0x0000000089400000, 0x00000000894a4ae0, 0x0000000089500000| 64%| S|CS|TAMS 0x0000000089400000, 0x0000000089400000| Complete 
| 149|0x0000000089500000, 0x0000000089500000, 0x0000000089600000|  0%| F|  |TAMS 0x0000000089500000, 0x0000000089500000| Untracked 
| 150|0x0000000089600000, 0x0000000089600000, 0x0000000089700000|  0%| F|  |TAMS 0x0000000089600000, 0x0000000089600000| Untracked 
| 151|0x0000000089700000, 0x0000000089700000, 0x0000000089800000|  0%| F|  |TAMS 0x0000000089700000, 0x0000000089700000| Untracked 
| 152|0x0000000089800000, 0x0000000089800000, 0x0000000089900000|  0%| F|  |TAMS 0x0000000089800000, 0x0000000089800000| Untracked 
| 153|0x0000000089900000, 0x0000000089900000, 0x0000000089a00000|  0%| F|  |TAMS 0x0000000089900000, 0x0000000089900000| Untracked 

Card table byte_map: [0x00000160e4650000,0x00000160e4a50000] _byte_map_base: 0x00000160e4250000

Marking Bits (Prev, Next): (CMBitMap*) 0x00000160d114cdd8, (CMBitMap*) 0x00000160d114ce10
 Prev Bits: [0x00000160e4e50000, 0x00000160e6e50000)
 Next Bits: [0x00000160e6e50000, 0x00000160e8e50000)

Polling page: 0x00000160cf740000

Metaspace:

Usage:
  Non-class:     41.63 MB capacity,    40.76 MB ( 98%) used,   766.97 KB (  2%) free+waste,   121.50 KB ( <1%) overhead. 
      Class:      6.38 MB capacity,     5.89 MB ( 92%) used,   439.01 KB (  7%) free+waste,    58.69 KB ( <1%) overhead. 
       Both:     48.00 MB capacity,    46.65 MB ( 97%) used,     1.18 MB (  2%) free+waste,   180.19 KB ( <1%) overhead. 

Virtual space:
  Non-class space:       42.00 MB reserved,      41.82 MB (>99%) committed 
      Class space:        1.00 GB reserved,       6.50 MB ( <1%) committed 
             Both:        1.04 GB reserved,      48.32 MB (  5%) committed 

Chunk freelists:
   Non-Class:  8.00 KB
       Class:  0 bytes
        Both:  8.00 KB

MaxMetaspaceSize: 17179869184.00 GB
CompressedClassSpaceSize: 1.00 GB
Initial GC threshold: 20.80 MB
Current GC threshold: 58.66 MB
CDS: off

CodeHeap 'non-profiled nmethods': size=120064Kb used=2241Kb max_used=2241Kb free=117822Kb
 bounds [0x00000160dc6f0000, 0x00000160dc960000, 0x00000160e3c30000]
CodeHeap 'profiled nmethods': size=120000Kb used=9131Kb max_used=9131Kb free=110868Kb
 bounds [0x00000160d51c0000, 0x00000160d5ab0000, 0x00000160dc6f0000]
CodeHeap 'non-nmethods': size=5696Kb used=2287Kb max_used=2328Kb free=3408Kb
 bounds [0x00000160d4c30000, 0x00000160d4ea0000, 0x00000160d51c0000]
 total_blobs=5115 nmethods=4328 adapters=699
 compilation: enabled
              stopped_count=0, restarted_count=0
 full_count=0

Compilation events (20 events):
Event: 9.025 Thread 0x00000160eb4b7800 nmethod 4354 0x00000160d5a9fe10 code [0x00000160d5aa0040, 0x00000160d5aa0888]
Event: 9.025 Thread 0x00000160eb4b7800 4356       3       org.gradle.internal.instantiation.generator.AbstractClassGenerator$DslMixInPropertyType::findClosureOverload (109 bytes)
Event: 9.026 Thread 0x00000160eb4b2800 nmethod 4348 0x00000160dc91dd10 code [0x00000160dc91dec0, 0x00000160dc91e088]
Event: 9.027 Thread 0x00000160eb4b2800 4349       4       com.google.common.collect.CollectPreconditions::checkEntryNotNull (100 bytes)
Event: 9.027 Thread 0x00000160eb4b7800 nmethod 4356 0x00000160d5aa0b10 code [0x00000160d5aa0d80, 0x00000160d5aa1998]
Event: 9.027 Thread 0x00000160eb4b7800 4355       3       com.google.common.collect.AbstractSetMultimap::get (9 bytes)
Event: 9.027 Thread 0x00000160eb4b2800 nmethod 4349 0x00000160dc91e190 code [0x00000160dc91e320, 0x00000160dc91e398]
Event: 9.027 Thread 0x00000160eb4b7800 nmethod 4355 0x00000160d5aa1d90 code [0x00000160d5aa1fa0, 0x00000160d5aa2748]
Event: 9.028 Thread 0x00000160ee29b800 nmethod 4345 0x00000160dc91e490 code [0x00000160dc91e640, 0x00000160dc91e9f8]
Event: 9.030 Thread 0x00000160eb4b7800 4357       3       java.lang.reflect.ProxyGenerator$MethodInfo::write (283 bytes)
Event: 9.031 Thread 0x00000160eb4b2800 4359   !   4       java.lang.invoke.MemberName::getMethodType (203 bytes)
Event: 9.032 Thread 0x00000160ee29b800 4361       4       jdk.internal.org.objectweb.asm.Type::getArgumentsAndReturnSizes (151 bytes)
Event: 9.035 Thread 0x00000160eb4b7800 nmethod 4357 0x00000160d5aa2910 code [0x00000160d5aa2fe0, 0x00000160d5aa7388]
Event: 9.035 Thread 0x00000160eb4b7800 4360   !   3       java.lang.invoke.CallSite::makeSite (91 bytes)
Event: 9.036 Thread 0x00000160eb4b7800 nmethod 4360 0x00000160d5aa8890 code [0x00000160d5aa8be0, 0x00000160d5aa9e18]
Event: 9.036 Thread 0x00000160eb4b7800 4358  s    3       java.io.ByteArrayOutputStream::writeTo (14 bytes)
Event: 9.037 Thread 0x00000160eb4b7800 nmethod 4358 0x00000160d5aaa810 code [0x00000160d5aaa9e0, 0x00000160d5aaad28]
Event: 9.040 Thread 0x00000160eb4b2800 nmethod 4359 0x00000160dc91ec10 code [0x00000160dc91ee00, 0x00000160dc91f468]
Event: 9.043 Thread 0x00000160ee29b800 nmethod 4361 0x00000160dc91f790 code [0x00000160dc91f9a0, 0x00000160dc91ffa0]
Event: 9.050 Thread 0x00000160eb4b7800 4362       3       org.gradle.internal.time.MonotonicClock::getCurrentTime (70 bytes)

GC Heap History (20 events):
Event: 1.239 GC heap after
{Heap after GC invocations=2 (full 0):
 garbage-first heap   total 131072K, used 9389K [0x0000000080000000, 0x0000000100000000)
  region size 1024K, 2 young (2048K), 2 survivors (2048K)
 Metaspace       used 9820K, capacity 9960K, committed 10112K, reserved 1058816K
  class space    used 1006K, capacity 1069K, committed 1152K, reserved 1048576K
}
Event: 2.023 GC heap before
{Heap before GC invocations=2 (full 0):
 garbage-first heap   total 131072K, used 36013K [0x0000000080000000, 0x0000000100000000)
  region size 1024K, 28 young (28672K), 2 survivors (2048K)
 Metaspace       used 10872K, capacity 11077K, committed 11264K, reserved 1058816K
  class space    used 1112K, capacity 1207K, committed 1280K, reserved 1048576K
}
Event: 2.026 GC heap after
{Heap after GC invocations=3 (full 0):
 garbage-first heap   total 131072K, used 10426K [0x0000000080000000, 0x0000000100000000)
  region size 1024K, 3 young (3072K), 3 survivors (3072K)
 Metaspace       used 10872K, capacity 11077K, committed 11264K, reserved 1058816K
  class space    used 1112K, capacity 1207K, committed 1280K, reserved 1048576K
}
Event: 3.830 GC heap before
{Heap before GC invocations=3 (full 0):
 garbage-first heap   total 131072K, used 50362K [0x0000000080000000, 0x0000000100000000)
  region size 1024K, 42 young (43008K), 3 survivors (3072K)
 Metaspace       used 17431K, capacity 17796K, committed 18048K, reserved 1064960K
  class space    used 1981K, capacity 2116K, committed 2176K, reserved 1048576K
}
Event: 3.839 GC heap after
{Heap after GC invocations=4 (full 0):
 garbage-first heap   total 131072K, used 15809K [0x0000000080000000, 0x0000000100000000)
  region size 1024K, 6 young (6144K), 6 survivors (6144K)
 Metaspace       used 17431K, capacity 17796K, committed 18048K, reserved 1064960K
  class space    used 1981K, capacity 2116K, committed 2176K, reserved 1048576K
}
Event: 4.208 GC heap before
{Heap before GC invocations=4 (full 0):
 garbage-first heap   total 131072K, used 47553K [0x0000000080000000, 0x0000000100000000)
  region size 1024K, 38 young (38912K), 6 survivors (6144K)
 Metaspace       used 20722K, capacity 21156K, committed 21296K, reserved 1069056K
  class space    used 2510K, capacity 2663K, committed 2688K, reserved 1048576K
}
Event: 4.219 GC heap after
{Heap after GC invocations=5 (full 0):
 garbage-first heap   total 131072K, used 17191K [0x0000000080000000, 0x0000000100000000)
  region size 1024K, 2 young (2048K), 2 survivors (2048K)
 Metaspace       used 20722K, capacity 21156K, committed 21296K, reserved 1069056K
  class space    used 2510K, capacity 2663K, committed 2688K, reserved 1048576K
}
Event: 4.893 GC heap before
{Heap before GC invocations=6 (full 0):
 garbage-first heap   total 131072K, used 66343K [0x0000000080000000, 0x0000000100000000)
  region size 1024K, 50 young (51200K), 2 survivors (2048K)
 Metaspace       used 25823K, capacity 26399K, committed 26544K, reserved 1073152K
  class space    used 3327K, capacity 3565K, committed 3584K, reserved 1048576K
}
Event: 4.899 GC heap after
{Heap after GC invocations=7 (full 0):
 garbage-first heap   total 131072K, used 18735K [0x0000000080000000, 0x0000000100000000)
  region size 1024K, 3 young (3072K), 3 survivors (3072K)
 Metaspace       used 25823K, capacity 26399K, committed 26544K, reserved 1073152K
  class space    used 3327K, capacity 3565K, committed 3584K, reserved 1048576K
}
Event: 5.833 GC heap before
{Heap before GC invocations=7 (full 0):
 garbage-first heap   total 131072K, used 99631K [0x0000000080000000, 0x0000000100000000)
  region size 1024K, 65 young (66560K), 3 survivors (3072K)
 Metaspace       used 31147K, capacity 31962K, committed 32048K, reserved 1077248K
  class space    used 4143K, capacity 4439K, committed 4480K, reserved 1048576K
}
Event: 5.845 GC heap after
{Heap after GC invocations=8 (full 0):
 garbage-first heap   total 131072K, used 43607K [0x0000000080000000, 0x0000000100000000)
  region size 1024K, 9 young (9216K), 9 survivors (9216K)
 Metaspace       used 31147K, capacity 31962K, committed 32048K, reserved 1077248K
  class space    used 4143K, capacity 4439K, committed 4480K, reserved 1048576K
}
Event: 6.395 GC heap before
{Heap before GC invocations=8 (full 0):
 garbage-first heap   total 131072K, used 66135K [0x0000000080000000, 0x0000000100000000)
  region size 1024K, 32 young (32768K), 9 survivors (9216K)
 Metaspace       used 34615K, capacity 35533K, committed 35632K, reserved 1079296K
  class space    used 4585K, capacity 4926K, committed 4992K, reserved 1048576K
}
Event: 6.412 GC heap after
{Heap after GC invocations=9 (full 0):
 garbage-first heap   total 157696K, used 46068K [0x0000000080000000, 0x0000000100000000)
  region size 1024K, 2 young (2048K), 2 survivors (2048K)
 Metaspace       used 34615K, capacity 35533K, committed 35632K, reserved 1079296K
  class space    used 4585K, capacity 4926K, committed 4992K, reserved 1048576K
}
Event: 7.517 GC heap before
{Heap before GC invocations=10 (full 0):
 garbage-first heap   total 157696K, used 99316K [0x0000000080000000, 0x0000000100000000)
  region size 1024K, 52 young (53248K), 2 survivors (2048K)
 Metaspace       used 41334K, capacity 42404K, committed 42568K, reserved 1087488K
  class space    used 5192K, capacity 5570K, committed 5632K, reserved 1048576K
}
Event: 7.530 GC heap after
{Heap after GC invocations=11 (full 0):
 garbage-first heap   total 157696K, used 51770K [0x0000000080000000, 0x0000000100000000)
  region size 1024K, 7 young (7168K), 7 survivors (7168K)
 Metaspace       used 41334K, capacity 42404K, committed 42568K, reserved 1087488K
  class space    used 5192K, capacity 5570K, committed 5632K, reserved 1048576K
}
Event: 8.369 GC heap before
{Heap before GC invocations=11 (full 0):
 garbage-first heap   total 157696K, used 114234K [0x0000000080000000, 0x0000000100000000)
  region size 1024K, 57 young (58368K), 7 survivors (7168K)
 Metaspace       used 44530K, capacity 45708K, committed 45896K, reserved 1089536K
  class space    used 5672K, capacity 6131K, committed 6144K, reserved 1048576K
}
Event: 8.384 GC heap after
{Heap after GC invocations=12 (full 0):
 garbage-first heap   total 157696K, used 69126K [0x0000000080000000, 0x0000000100000000)
  region size 1024K, 6 young (6144K), 6 survivors (6144K)
 Metaspace       used 44530K, capacity 45708K, committed 45896K, reserved 1089536K
  class space    used 5672K, capacity 6131K, committed 6144K, reserved 1048576K
}
Event: 8.987 GC heap before
{Heap before GC invocations=12 (full 0):
 garbage-first heap   total 157696K, used 114182K [0x0000000080000000, 0x0000000100000000)
  region size 1024K, 50 young (51200K), 6 survivors (6144K)
 Metaspace       used 47431K, capacity 48816K, committed 49096K, reserved 1091584K
  class space    used 5973K, capacity 6461K, committed 6528K, reserved 1048576K
}
Event: 8.999 GC heap after
{Heap after GC invocations=13 (full 0):
 garbage-first heap   total 157696K, used 72806K [0x0000000080000000, 0x0000000100000000)
  region size 1024K, 4 young (4096K), 4 survivors (4096K)
 Metaspace       used 47431K, capacity 48816K, committed 49096K, reserved 1091584K
  class space    used 5973K, capacity 6461K, committed 6528K, reserved 1048576K
}
Event: 9.050 GC heap before
{Heap before GC invocations=13 (full 0):
 garbage-first heap   total 157696K, used 76902K [0x0000000080000000, 0x0000000100000000)
  region size 1024K, 9 young (9216K), 4 survivors (4096K)
 Metaspace       used 47769K, capacity 49156K, committed 49480K, reserved 1091584K
  class space    used 6034K, capacity 6532K, committed 6656K, reserved 1048576K
}

Deoptimization events (20 events):
Event: 8.554 Thread 0x00000160ecdbd000 Uncommon trap: trap_request=0xffffff4d fr.pc=0x00000160dc74b7fc relative=0x000000000000059c
Event: 8.554 Thread 0x00000160ecdbd000 Uncommon trap: reason=unstable_if action=reinterpret pc=0x00000160dc74b7fc method=java.util.jar.Manifest$FastInputStream.readLine([BII)I @ 130 c2
Event: 8.554 Thread 0x00000160ecdbd000 DEOPT PACKING pc=0x00000160dc74b7fc sp=0x0000000aa74f53e0
Event: 8.554 Thread 0x00000160ecdbd000 DEOPT UNPACKING pc=0x00000160d4c7a1af sp=0x0000000aa74f5370 mode 2
Event: 8.568 Thread 0x00000160ecdbd000 Uncommon trap: trap_request=0xffffff4d fr.pc=0x00000160dc7f81d0 relative=0x00000000000001f0
Event: 8.568 Thread 0x00000160ecdbd000 Uncommon trap: reason=unstable_if action=reinterpret pc=0x00000160dc7f81d0 method=java.util.HashMap.putVal(ILjava/lang/Object;Ljava/lang/Object;ZZ)Ljava/lang/Object; @ 162 c2
Event: 8.568 Thread 0x00000160ecdbd000 DEOPT PACKING pc=0x00000160dc7f81d0 sp=0x0000000aa74f9ef0
Event: 8.568 Thread 0x00000160ecdbd000 DEOPT UNPACKING pc=0x00000160d4c7a1af sp=0x0000000aa74f9e70 mode 2
Event: 8.716 Thread 0x00000160ecdbd000 Uncommon trap: trap_request=0xffffff4d fr.pc=0x00000160dc8f7c54 relative=0x0000000000003f34
Event: 8.716 Thread 0x00000160ecdbd000 Uncommon trap: reason=unstable_if action=reinterpret pc=0x00000160dc8f7c54 method=org.codehaus.groovy.reflection.CachedMethod.compareToMethod(Ljava/lang/reflect/Method;)I @ 43 c2
Event: 8.716 Thread 0x00000160ecdbd000 DEOPT PACKING pc=0x00000160dc8f7c54 sp=0x0000000aa74f5130
Event: 8.716 Thread 0x00000160ecdbd000 DEOPT UNPACKING pc=0x00000160d4c7a1af sp=0x0000000aa74f4fc8 mode 2
Event: 8.821 Thread 0x00000160ecdbd000 Uncommon trap: trap_request=0xffffff4d fr.pc=0x00000160dc8493e4 relative=0x0000000000000904
Event: 8.821 Thread 0x00000160ecdbd000 Uncommon trap: reason=unstable_if action=reinterpret pc=0x00000160dc8493e4 method=java.util.WeakHashMap.eq(Ljava/lang/Object;Ljava/lang/Object;)Z @ 2 c2
Event: 8.821 Thread 0x00000160ecdbd000 DEOPT PACKING pc=0x00000160dc8493e4 sp=0x0000000aa74f5910
Event: 8.821 Thread 0x00000160ecdbd000 DEOPT UNPACKING pc=0x00000160d4c7a1af sp=0x0000000aa74f5880 mode 2
Event: 8.851 Thread 0x00000160ecdbd000 Uncommon trap: trap_request=0xffffff4d fr.pc=0x00000160dc88fa30 relative=0x0000000000000110
Event: 8.851 Thread 0x00000160ecdbd000 Uncommon trap: reason=unstable_if action=reinterpret pc=0x00000160dc88fa30 method=java.util.Arrays.hashCode([Ljava/lang/Object;)I @ 34 c2
Event: 8.851 Thread 0x00000160ecdbd000 DEOPT PACKING pc=0x00000160dc88fa30 sp=0x0000000aa74f88c0
Event: 8.851 Thread 0x00000160ecdbd000 DEOPT UNPACKING pc=0x00000160d4c7a1af sp=0x0000000aa74f8838 mode 2

Classes redefined (0 events):
No events

Internal exceptions (20 events):
Event: 8.805 Thread 0x00000160ecdbd000 Exception <a 'java/lang/ClassNotFoundException'{0x0000000087a26168}: org/gradle/internal/management/DefaultDependencyResolutionManagementBeanInfo> (0x0000000087a26168) thrown at [./src/hotspot/share/classfile/systemDictionary.cpp, line 231]
Event: 8.806 Thread 0x00000160ecdbd000 Exception <a 'java/lang/ClassNotFoundException'{0x0000000087a620a0}: org/gradle/internal/management/DefaultDependencyResolutionManagementCustomizer> (0x0000000087a620a0) thrown at [./src/hotspot/share/classfile/systemDictionary.cpp, line 231]
Event: 8.810 Thread 0x00000160ecdbd000 Exception <a 'java/lang/ClassNotFoundException'{0x0000000087ab3c98}: org/gradle/internal/management/DefaultDependencyResolutionManagement_DecoratedCustomizer> (0x0000000087ab3c98) thrown at [./src/hotspot/share/classfile/systemDictionary.cpp, line 231]
Event: 8.820 Thread 0x00000160ecdbd000 Exception <a 'java/lang/ClassNotFoundException'{0x000000008793e780}: org/gradle/api/initialization/resolve/RepositoriesModeBeanInfo> (0x000000008793e780) thrown at [./src/hotspot/share/classfile/systemDictionary.cpp, line 231]
Event: 8.821 Thread 0x00000160ecdbd000 Exception <a 'java/lang/ClassNotFoundException'{0x00000000879440e8}: java/lang/EnumBeanInfo> (0x00000000879440e8) thrown at [./src/hotspot/share/classfile/systemDictionary.cpp, line 231]
Event: 8.821 Thread 0x00000160ecdbd000 Exception <a 'java/lang/ClassNotFoundException'{0x0000000087949a70}: java/lang/EnumCustomizer> (0x0000000087949a70) thrown at [./src/hotspot/share/classfile/systemDictionary.cpp, line 231]
Event: 8.823 Thread 0x00000160ecdbd000 Exception <a 'java/lang/ClassNotFoundException'{0x000000008797a5c8}: org/gradle/api/initialization/resolve/RepositoriesModeCustomizer> (0x000000008797a5c8) thrown at [./src/hotspot/share/classfile/systemDictionary.cpp, line 231]
Event: 8.831 Thread 0x00000160ecdbd000 Exception <a 'java/lang/ClassNotFoundException'{0x00000000879fef98}: org/gradle/api/internal/provider/DefaultPropertyBeanInfo> (0x00000000879fef98) thrown at [./src/hotspot/share/classfile/systemDictionary.cpp, line 231]
Event: 8.832 Thread 0x00000160ecdbd000 Exception <a 'java/lang/ClassNotFoundException'{0x0000000087827918}: org/gradle/api/internal/provider/AbstractPropertyBeanInfo> (0x0000000087827918) thrown at [./src/hotspot/share/classfile/systemDictionary.cpp, line 231]
Event: 8.833 Thread 0x00000160ecdbd000 Exception <a 'java/lang/ClassNotFoundException'{0x0000000087851ce8}: org/gradle/api/internal/provider/AbstractMinimalProviderBeanInfo> (0x0000000087851ce8) thrown at [./src/hotspot/share/classfile/systemDictionary.cpp, line 231]
Event: 8.834 Thread 0x00000160ecdbd000 Exception <a 'java/lang/ClassNotFoundException'{0x000000008787ce38}: org/gradle/api/internal/provider/AbstractMinimalProviderCustomizer> (0x000000008787ce38) thrown at [./src/hotspot/share/classfile/systemDictionary.cpp, line 231]
Event: 8.838 Thread 0x00000160ecdbd000 Exception <a 'java/lang/ClassNotFoundException'{0x00000000878e0b90}: org/gradle/api/internal/provider/AbstractPropertyCustomizer> (0x00000000878e0b90) thrown at [./src/hotspot/share/classfile/systemDictionary.cpp, line 231]
Event: 8.840 Thread 0x00000160ecdbd000 Exception <a 'java/lang/ClassNotFoundException'{0x0000000087715ba0}: org/gradle/api/internal/provider/DefaultPropertyCustomizer> (0x0000000087715ba0) thrown at [./src/hotspot/share/classfile/systemDictionary.cpp, line 231]
Event: 8.849 Thread 0x00000160ecdbd000 Exception <a 'java/lang/ClassNotFoundException'{0x000000008778b860}: org/gradle/initialization/DefaultProjectDescriptorBeanInfo> (0x000000008778b860) thrown at [./src/hotspot/share/classfile/systemDictionary.cpp, line 231]
Event: 8.850 Thread 0x00000160ecdbd000 Exception <a 'java/lang/ClassNotFoundException'{0x00000000877b3978}: org/gradle/initialization/DefaultProjectDescriptorCustomizer> (0x00000000877b3978) thrown at [./src/hotspot/share/classfile/systemDictionary.cpp, line 231]
Event: 8.851 Thread 0x00000160ecdbd000 Implicit null exception at 0x00000160dc88f96c to 0x00000160dc88fa14
Event: 8.915 Thread 0x00000160ecdbd000 Exception <a 'java/lang/ClassNotFoundException'{0x00000000874fcbd8}: org/jetbrains/plugins/gradle/model/web/WebConfigurationBeanInfo> (0x00000000874fcbd8) thrown at [./src/hotspot/share/classfile/systemDictionary.cpp, line 231]
Event: 8.915 Thread 0x00000160ecdbd000 Exception <a 'java/lang/ClassNotFoundException'{0x000000008730d3f8}: org/jetbrains/plugins/gradle/model/web/WebConfigurationCustomizer> (0x000000008730d3f8) thrown at [./src/hotspot/share/classfile/systemDictionary.cpp, line 231]
Event: 8.918 Thread 0x00000160ecdbd000 Exception <a 'java/lang/ClassNotFoundException'{0x000000008733f288}: org/jetbrains/plugins/gradle/model/scala/ScalaModelBeanInfo> (0x000000008733f288) thrown at [./src/hotspot/share/classfile/systemDictionary.cpp, line 231]
Event: 8.919 Thread 0x00000160ecdbd000 Exception <a 'java/lang/ClassNotFoundException'{0x000000008734f3f0}: org/jetbrains/plugins/gradle/model/scala/ScalaModelCustomizer> (0x000000008734f3f0) thrown at [./src/hotspot/share/classfile/systemDictionary.cpp, line 231]

Events (20 events):
Event: 9.047 loading class org/gradle/api/internal/project/DefaultProjectStateRegistry$ProjectStateImpl done
Event: 9.047 loading class org/gradle/internal/work/DefaultWorkerLeaseService$2
Event: 9.047 loading class org/gradle/internal/work/DefaultWorkerLeaseService$2 done
Event: 9.048 loading class org/gradle/api/internal/project/BuildOperationCrossProjectConfigurator$1
Event: 9.048 loading class org/gradle/api/internal/project/BuildOperationCrossProjectConfigurator$1 done
Event: 9.048 loading class org/gradle/api/internal/project/BuildOperationCrossProjectConfigurator$CrossConfigureProjectBuildOperation
Event: 9.048 loading class org/gradle/api/internal/project/BuildOperationCrossProjectConfigurator$CrossConfigureProjectBuildOperation done
Event: 9.048 loading class org/gradle/api/internal/DefaultMutationGuard$2
Event: 9.048 loading class org/gradle/api/internal/DefaultMutationGuard$2 done
Event: 9.049 loading class org/gradle/configuration/internal/DefaultListenerBuildOperationDecorator$BuildOperationEmittingAction$1
Event: 9.049 loading class org/gradle/configuration/internal/DefaultListenerBuildOperationDecorator$BuildOperationEmittingAction$1 done
Event: 9.049 loading class org/gradle/configuration/internal/DefaultListenerBuildOperationDecorator$Operation
Event: 9.049 loading class org/gradle/configuration/internal/DefaultListenerBuildOperationDecorator$Operation done
Event: 9.049 loading class org/gradle/configuration/internal/DefaultListenerBuildOperationDecorator$ExecuteListenerDetails
Event: 9.049 loading class org/gradle/configuration/internal/DefaultListenerBuildOperationDecorator$ExecuteListenerDetails done
Event: 9.050 loading class org/gradle/internal/Factory
Event: 9.050 loading class org/gradle/internal/Factory done
Event: 9.050 loading class com/android/ide/gradle/model/builder/AndroidStudioToolingPlugin
Event: 9.050 loading class com/android/ide/gradle/model/builder/AndroidStudioToolingPlugin done
Event: 9.050 Executing VM operation: G1CollectForAllocation


Dynamic libraries:
0x00007ff6f6d50000 - 0x00007ff6f6d5a000 	C:\Program Files\Android\Android Studio1\jre\bin\java.exe
0x00007ff8f5db0000 - 0x00007ff8f5fa8000 	C:\Windows\SYSTEM32\ntdll.dll
0x00007ff8f4a40000 - 0x00007ff8f4aff000 	C:\Windows\System32\KERNEL32.DLL
0x00007ff8f3690000 - 0x00007ff8f3962000 	C:\Windows\System32\KERNELBASE.dll
0x00007ff8f34a0000 - 0x00007ff8f35a0000 	C:\Windows\System32\ucrtbase.dll
0x00007ff8eae70000 - 0x00007ff8eae87000 	C:\Program Files\Android\Android Studio1\jre\bin\VCRUNTIME140.dll
0x00007ff8eacf0000 - 0x00007ff8ead09000 	C:\Program Files\Android\Android Studio1\jre\bin\jli.dll
0x00007ff8f5180000 - 0x00007ff8f5321000 	C:\Windows\System32\USER32.dll
0x00007ff8e18b0000 - 0x00007ff8e1b4a000 	C:\Windows\WinSxS\amd64_microsoft.windows.common-controls_6595b64144ccf1df_6.0.19041.1110_none_60b5254171f9507e\COMCTL32.dll
0x00007ff8f3610000 - 0x00007ff8f3632000 	C:\Windows\System32\win32u.dll
0x00007ff8f5330000 - 0x00007ff8f53ce000 	C:\Windows\System32\msvcrt.dll
0x00007ff8f50e0000 - 0x00007ff8f510b000 	C:\Windows\System32\GDI32.dll
0x00007ff8f3a40000 - 0x00007ff8f3b4f000 	C:\Windows\System32\gdi32full.dll
0x00007ff8f39a0000 - 0x00007ff8f3a3d000 	C:\Windows\System32\msvcp_win.dll
0x00007ff8f50a0000 - 0x00007ff8f50d2000 	C:\Windows\System32\IMM32.DLL
0x00007ff8c90d0000 - 0x00007ff8c916d000 	C:\Program Files\Android\Android Studio1\jre\bin\msvcp140.dll
0x00007ff8b41b0000 - 0x00007ff8b4cb2000 	C:\Program Files\Android\Android Studio1\jre\bin\server\jvm.dll
0x00007ff8f5cc0000 - 0x00007ff8f5d6e000 	C:\Windows\System32\ADVAPI32.dll
0x00007ff8f53d0000 - 0x00007ff8f546c000 	C:\Windows\System32\sechost.dll
0x00007ff8f4670000 - 0x00007ff8f4795000 	C:\Windows\System32\RPCRT4.dll
0x00007ff8f5110000 - 0x00007ff8f5118000 	C:\Windows\System32\PSAPI.DLL
0x00007ff8bc700000 - 0x00007ff8bc709000 	C:\Windows\SYSTEM32\WSOCK32.dll
0x00007ff8dedc0000 - 0x00007ff8dede7000 	C:\Windows\SYSTEM32\WINMM.dll
0x00007ff8f0b50000 - 0x00007ff8f0b5a000 	C:\Windows\SYSTEM32\VERSION.dll
0x00007ff8f5470000 - 0x00007ff8f54db000 	C:\Windows\System32\WS2_32.dll
0x00007ff8f13b0000 - 0x00007ff8f13c2000 	C:\Windows\SYSTEM32\kernel.appcore.dll
0x00007ff8bc6c0000 - 0x00007ff8bc6d1000 	C:\Program Files\Android\Android Studio1\jre\bin\verify.dll
0x00007ff8e0410000 - 0x00007ff8e05f4000 	C:\Windows\SYSTEM32\DBGHELP.DLL
0x00007ff8e02e0000 - 0x00007ff8e0315000 	C:\Windows\SYSTEM32\dbgcore.DLL
0x00007ff8f3b50000 - 0x00007ff8f3bd2000 	C:\Windows\System32\bcryptPrimitives.dll
0x00007ff8b4180000 - 0x00007ff8b41a9000 	C:\Program Files\Android\Android Studio1\jre\bin\java.dll
0x00007ff8bc6b0000 - 0x00007ff8bc6bb000 	C:\Program Files\Android\Android Studio1\jre\bin\jimage.dll
0x00007ff8a5730000 - 0x00007ff8a5748000 	C:\Program Files\Android\Android Studio1\jre\bin\zip.dll
0x00007ff8f5570000 - 0x00007ff8f5cb4000 	C:\Windows\System32\SHELL32.dll
0x00007ff8f1560000 - 0x00007ff8f1cf2000 	C:\Windows\SYSTEM32\windows.storage.dll
0x00007ff8f4b00000 - 0x00007ff8f4e55000 	C:\Windows\System32\combase.dll
0x00007ff8f2e20000 - 0x00007ff8f2e50000 	C:\Windows\SYSTEM32\Wldp.dll
0x00007ff8f4fe0000 - 0x00007ff8f508d000 	C:\Windows\System32\SHCORE.dll
0x00007ff8f3e10000 - 0x00007ff8f3e65000 	C:\Windows\System32\shlwapi.dll
0x00007ff8f33e0000 - 0x00007ff8f33ff000 	C:\Windows\SYSTEM32\profapi.dll
0x00007ff8a52d0000 - 0x00007ff8a52ea000 	C:\Program Files\Android\Android Studio1\jre\bin\net.dll
0x00007ff8e6b20000 - 0x00007ff8e6c2c000 	C:\Windows\SYSTEM32\WINHTTP.dll
0x00007ff8f2b80000 - 0x00007ff8f2bea000 	C:\Windows\system32\mswsock.dll
0x00007ff8a52b0000 - 0x00007ff8a52c4000 	C:\Program Files\Android\Android Studio1\jre\bin\nio.dll
0x00007ff8eacc0000 - 0x00007ff8eace7000 	D:\native\e1d6ef7f7dcc3fd88c89a11ec53ec762bb8ba0a96d01ffa2cd45eb1d1d8dd5c5\windows-amd64\native-platform.dll
0x00007ff8c1570000 - 0x00007ff8c16b4000 	D:\native\0d407fdbe67a94daf76414ababcb853783967236a71b16ec16e742cd7a986fd3\windows-amd64\native-platform-file-events.dll
0x00007ff89e7c0000 - 0x00007ff89e7ca000 	C:\Program Files\Android\Android Studio1\jre\bin\management.dll
0x00007ff89e7b0000 - 0x00007ff89e7bd000 	C:\Program Files\Android\Android Studio1\jre\bin\management_ext.dll
0x00007ff8f2d80000 - 0x00007ff8f2d98000 	C:\Windows\SYSTEM32\CRYPTSP.dll
0x00007ff8f24a0000 - 0x00007ff8f24d4000 	C:\Windows\system32\rsaenh.dll
0x00007ff8f3970000 - 0x00007ff8f3997000 	C:\Windows\System32\bcrypt.dll
0x00007ff8f33a0000 - 0x00007ff8f33ce000 	C:\Windows\SYSTEM32\USERENV.dll
0x00007ff8f2d70000 - 0x00007ff8f2d7c000 	C:\Windows\SYSTEM32\CRYPTBASE.dll
0x00007ff8f2870000 - 0x00007ff8f28ab000 	C:\Windows\SYSTEM32\IPHLPAPI.DLL
0x00007ff8f54e0000 - 0x00007ff8f54e8000 	C:\Windows\System32\NSI.dll
0x00007ff8e7350000 - 0x00007ff8e7367000 	C:\Windows\SYSTEM32\dhcpcsvc6.DLL
0x00007ff8e7440000 - 0x00007ff8e745d000 	C:\Windows\SYSTEM32\dhcpcsvc.DLL
0x00007ff8f28b0000 - 0x00007ff8f297a000 	C:\Windows\SYSTEM32\DNSAPI.dll

dbghelp: loaded successfully - version: 4.0.5 - missing functions: none
symbol engine: initialized successfully - sym options: 0x614 - pdb path: .;C:\Program Files\Android\Android Studio1\jre\bin;C:\Windows\SYSTEM32;C:\Windows\WinSxS\amd64_microsoft.windows.common-controls_6595b64144ccf1df_6.0.19041.1110_none_60b5254171f9507e;C:\Program Files\Android\Android Studio1\jre\bin\server;D:\native\e1d6ef7f7dcc3fd88c89a11ec53ec762bb8ba0a96d01ffa2cd45eb1d1d8dd5c5\windows-amd64;D:\native\0d407fdbe67a94daf76414ababcb853783967236a71b16ec16e742cd7a986fd3\windows-amd64

VM Arguments:
jvm_args: --add-opens=java.base/java.util=ALL-UNNAMED --add-opens=java.base/java.lang=ALL-UNNAMED --add-opens=java.base/java.lang.invoke=ALL-UNNAMED --add-opens=java.base/java.util=ALL-UNNAMED --add-opens=java.prefs/java.util.prefs=ALL-UNNAMED --add-opens=java.prefs/java.util.prefs=ALL-UNNAMED --add-opens=java.base/java.nio.charset=ALL-UNNAMED --add-opens=java.base/java.net=ALL-UNNAMED --add-opens=java.base/java.util.concurrent.atomic=ALL-UNNAMED -Xmx2048m -Dfile.encoding=UTF-8 -Duser.country=US -Duser.language=en -Duser.variant 
java_command: org.gradle.launcher.daemon.bootstrap.GradleDaemon 7.4
java_class_path (initial): D:\wrapper\dists\gradle-7.4-bin\c0gwcg53nkjbqw7r0h0umtfvt\gradle-7.4\lib\gradle-launcher-7.4.jar
Launcher Type: SUN_STANDARD

[Global flags]
     intx CICompilerCount                          = 3                                         {product} {ergonomic}
     uint ConcGCThreads                            = 1                                         {product} {ergonomic}
     uint G1ConcRefinementThreads                  = 4                                         {product} {ergonomic}
   size_t G1HeapRegionSize                         = 1048576                                   {product} {ergonomic}
    uintx GCDrainStackTargetSize                   = 64                                        {product} {ergonomic}
   size_t InitialHeapSize                          = 134217728                                 {product} {ergonomic}
   size_t MarkStackSize                            = 4194304                                   {product} {ergonomic}
   size_t MaxHeapSize                              = 2147483648                                {product} {command line}
   size_t MaxNewSize                               = 1287651328                                {product} {ergonomic}
   size_t MinHeapDeltaBytes                        = 1048576                                   {product} {ergonomic}
    uintx NonNMethodCodeHeapSize                   = 5830732                                {pd product} {ergonomic}
    uintx NonProfiledCodeHeapSize                  = 122913754                              {pd product} {ergonomic}
    uintx ProfiledCodeHeapSize                     = 122913754                              {pd product} {ergonomic}
    uintx ReservedCodeCacheSize                    = 251658240                              {pd product} {ergonomic}
     bool SegmentedCodeCache                       = true                                      {product} {ergonomic}
     bool UseCompressedClassPointers               = true                                 {lp64_product} {ergonomic}
     bool UseCompressedOops                        = true                                 {lp64_product} {ergonomic}
     bool UseG1GC                                  = true                                      {product} {ergonomic}
     bool UseLargePagesIndividualAllocation        = false                                  {pd product} {ergonomic}

Logging:
Log output configuration:
 #0: stdout all=warning uptime,level,tags
 #1: stderr all=off uptime,level,tags

Environment Variables:
PATH=C:\Windows\system32;C:\Windows;C:\Windows\System32\Wbem;C:\Windows\System32\WindowsPowerShell\v1.0\;C:\Windows\System32\OpenSSH\;C:\Program Files\Git\cmd;C:\Program Files\dotnet\;C:\Users\Sammy\AppData\Local\Microsoft\WindowsApps;C:\Users\Sammy\.dotnet\tools
USERNAME=Sammy
OS=Windows_NT
PROCESSOR_IDENTIFIER=Intel64 Family 6 Model 69 Stepping 1, GenuineIntel



---------------  S Y S T E M  ---------------

OS: Windows 10 , 64 bit Build 19041 (10.0.19041.2364)
OS uptime: 0 days 1:02 hours

CPU:total 4 (initial active 4) (2 cores per cpu, 2 threads per core) family 6 model 69 stepping 1 microcode 0x25, cmov, cx8, fxsr, mmx, sse, sse2, sse3, ssse3, sse4.1, sse4.2, popcnt, avx, avx2, aes, clmul, erms, lzcnt, ht, tsc, tscinvbit, bmi1, bmi2, fma

Memory: 4k page, system-wide physical 8097M (1177M free)
TotalPageFile size 8952M (AvailPageFile size 13M)
current process WorkingSet (physical memory assigned to process): 320M, peak: 325M
current process commit charge ("private bytes"): 351M, peak: 382M

vm_info: OpenJDK 64-Bit Server VM (11.0.13+0-b1751.21-8125866) for windows-amd64 JRE (11.0.13+0-b1751.21-8125866), built on Feb  2 2022 03:00:22 by "builder" with MS VC++ 14.0 (VS2015)

END.
